<?xml version="1.0" encoding="UTF-8"?>
<!-- Generated by org.testng.reporters.JUnitXMLReporter -->
<testsuite ignored="0" hostname="SudhaHome" failures="1" tests="2" name="OpenCartTest" time="33.264" errors="0" timestamp="2023-04-26T16:48:29 EDT">
  <testcase classname="testCases.TC_001_AccountRegistrationTest" name="test_account_Registration" time="16.389"/>
  <testcase classname="testCases.TC_002_LoginTest" name="test_login" time="10.71">
    <failure type="java.lang.AssertionError" message="Login Test Failed.... expected [true] but found [false]">
      <![CDATA[java.lang.AssertionError: Login Test Failed.... expected [true] but found [false]
at testCases.TC_002_LoginTest.test_login(TC_002_LoginTest.java:39)
at java.base/java.util.ArrayList.forEach(ArrayList.java:1541)
... Removed 32 stack frames]]>
    </failure>
  </testcase> <!-- test_login -->
</testsuite> <!-- OpenCartTest -->
